<?xml version="1.0" encoding="UTF-8"?>
<!-- Generated by org.testng.reporters.JUnitXMLReporter -->
<testsuite ignored="2" hostname="LAPTOP-OS4RGE3T" failures="0" tests="2" name="group" time="13.645" errors="0" timestamp="2022-06-17T16:51:14 IST">
  <testcase classname="TestCases.GroupTest" name="verfiytitletest" time="0.008"/>
  <testcase classname="TestCases.GroupTest" name="verifykitelogoTest" time="0.027"/>
  <testcase classname="TestCases.GroupTest" name="verifyzerodhalogo" time="0.0">
    <ignored/>
  </testcase> <!-- verifyzerodhalogo -->
  <testcase classname="TestCases.GroupTest" name="loginToApptest" time="0.0">
    <ignored/>
  </testcase> <!-- loginToApptest -->
</testsuite> <!-- group -->
