<?xml version="1.0" encoding="UTF-8"?>
<!-- Generated by org.testng.reporters.JUnitXMLReporter -->
<testsuite ignored="0" hostname="LAPTOP-OS4RGE3T" failures="0" tests="3" name="Test" time="16.468" errors="0" timestamp="2022-06-20T18:35:48 IST">
  <testcase classname="TestCases.ParallelTest" name="openamazon" time="7.756"/>
  <testcase classname="TestCases.ParallelTest" name="openchrome" time="10.556"/>
  <testcase classname="TestCases.ParallelTest" name="openfb" time="8.658"/>
</testsuite> <!-- Test -->
